<?xml version="1.0" encoding="UTF-8"?>
<testng-results ignored="1" total="1" passed="0" failed="0" skipped="0">
  <reporter-output>
  </reporter-output>
  <suite started-at="2022-05-22T06:31:04Z" name="Default suite" finished-at="2022-05-22T06:31:04Z" duration-ms="10">
    <groups>
    </groups>
    <test started-at="2022-05-22T06:31:04Z" name="Default test" finished-at="2022-05-22T06:31:04Z" duration-ms="10">
      <class name="com.stepDefinitions.MainClass">
        <test-method is-config="true" signature="start()[pri:0, instance:com.stepDefinitions.MainClass@5f9edf14]" started-at="2022-05-22T06:31:03Z" name="start" finished-at="2022-05-22T06:31:04Z" duration-ms="1024" status="FAIL">
          <exception class="java.io.FileNotFoundException">
            <message>
              <![CDATA[.\Configuration\config.properties (The system cannot find the path specified)]]>
            </message>
            <full-stacktrace>
              <![CDATA[java.io.FileNotFoundException: .\Configuration\config.properties (The system cannot find the path specified)
at java.base/java.io.FileInputStream.open0(Native Method)
at java.base/java.io.FileInputStream.open(FileInputStream.java:216)
at java.base/java.io.FileInputStream.<init>(FileInputStream.java:157)
at com.utilities.ConfigClass.<init>(ConfigClass.java:14)
at com.utilities.BaseClass.start(BaseClass.java:46)
at java.base/jdk.internal.reflect.NativeMethodAccessorImpl.invoke0(Native Method)
at java.base/jdk.internal.reflect.NativeMethodAccessorImpl.invoke(NativeMethodAccessorImpl.java:77)
at java.base/jdk.internal.reflect.DelegatingMethodAccessorImpl.invoke(DelegatingMethodAccessorImpl.java:43)
at java.base/java.lang.reflect.Method.invoke(Method.java:568)
at org.testng.internal.MethodInvocationHelper.invokeMethod(MethodInvocationHelper.java:124)
at org.testng.internal.MethodInvocationHelper.invokeMethodConsideringTimeout(MethodInvocationHelper.java:59)
at org.testng.internal.Invoker.invokeConfigurationMethod(Invoker.java:458)
at org.testng.internal.Invoker.invokeConfigurations(Invoker.java:222)
at org.testng.internal.Invoker.invokeConfigurations(Invoker.java:142)
at org.testng.SuiteRunner.privateRun(SuiteRunner.java:401)
at org.testng.SuiteRunner.run(SuiteRunner.java:364)
at org.testng.SuiteRunnerWorker.runSuite(SuiteRunnerWorker.java:52)
at org.testng.SuiteRunnerWorker.run(SuiteRunnerWorker.java:84)
at org.testng.TestNG.runSuitesSequentially(TestNG.java:1208)
at org.testng.TestNG.runSuitesLocally(TestNG.java:1137)
at org.testng.TestNG.runSuites(TestNG.java:1049)
at org.testng.TestNG.run(TestNG.java:1017)
at org.testng.remote.AbstractRemoteTestNG.run(AbstractRemoteTestNG.java:115)
at org.testng.remote.RemoteTestNG.initAndRun(RemoteTestNG.java:251)
at org.testng.remote.RemoteTestNG.main(RemoteTestNG.java:77)
]]>
            </full-stacktrace>
          </exception> <!-- java.io.FileNotFoundException -->
          <reporter-output>
          </reporter-output>
        </test-method> <!-- start -->
      </class> <!-- com.stepDefinitions.MainClass -->
    </test> <!-- Default test -->
  </suite> <!-- Default suite -->
</testng-results>
