<?xml version="1.0" encoding="UTF-8"?>
<testng-results ignored="1" total="11" passed="10" failed="0" skipped="0">
  <reporter-output>
  </reporter-output>
  <suite started-at="2022-05-22T19:31:44 IST" name="Default suite" finished-at="2022-05-22T19:32:45 IST" duration-ms="61268">
    <groups>
    </groups>
    <test started-at="2022-05-22T19:31:44 IST" name="Default test" finished-at="2022-05-22T19:32:45 IST" duration-ms="61268">
      <class name="Hybrid.logincrm">
        <test-method is-config="true" signature="setupsuite()[pri:0, instance:Hybrid.logincrm@245b4bdc]" started-at="2022-05-22T19:31:44 IST" name="setupsuite" finished-at="2022-05-22T19:31:44 IST" duration-ms="16" status="PASS">
          <reporter-output>
          </reporter-output>
        </test-method> <!-- setupsuite -->
        <test-method is-config="true" signature="voidsetup()[pri:0, instance:Hybrid.logincrm@245b4bdc]" started-at="2022-05-22T19:31:44 IST" name="voidsetup" finished-at="2022-05-22T19:31:52 IST" duration-ms="7540" status="PASS">
          <reporter-output>
          </reporter-output>
        </test-method> <!-- voidsetup -->
        <test-method signature="loginApp()[pri:1, instance:Hybrid.logincrm@245b4bdc]" started-at="2022-05-22T19:31:52 IST" name="loginApp" finished-at="2022-05-22T19:31:57 IST" duration-ms="4989" status="PASS">
          <reporter-output>
          </reporter-output>
        </test-method> <!-- loginApp -->
        <test-method signature="signupapp()[pri:2, instance:Hybrid.logincrm@245b4bdc]" started-at="2022-05-22T19:31:57 IST" name="signupapp" finished-at="2022-05-22T19:32:08 IST" duration-ms="10687" status="PASS">
          <reporter-output>
          </reporter-output>
        </test-method> <!-- signupapp -->
        <test-method signature="searchupapp()[pri:3, instance:Hybrid.logincrm@245b4bdc]" started-at="2022-05-22T19:32:08 IST" name="searchupapp" finished-at="2022-05-22T19:32:16 IST" duration-ms="8754" status="PASS">
          <reporter-output>
          </reporter-output>
        </test-method> <!-- searchupapp -->
        <test-method signature="Bedapp()[pri:4, instance:Hybrid.logincrm@245b4bdc]" started-at="2022-05-22T19:32:16 IST" name="Bedapp" finished-at="2022-05-22T19:32:27 IST" duration-ms="10865" status="PASS">
          <reporter-output>
          </reporter-output>
        </test-method> <!-- Bedapp -->
        <test-method signature="Bedappcart()[pri:5, instance:Hybrid.logincrm@245b4bdc]" started-at="2022-05-22T19:32:27 IST" name="Bedappcart" finished-at="2022-05-22T19:32:32 IST" duration-ms="5350" status="PASS">
          <reporter-output>
          </reporter-output>
        </test-method> <!-- Bedappcart -->
        <test-method signature="assertionaa()[pri:6, instance:Hybrid.logincrm@245b4bdc]" started-at="2022-05-22T19:32:32 IST" name="assertionaa" finished-at="2022-05-22T19:32:37 IST" duration-ms="4174" status="PASS">
          <reporter-output>
          </reporter-output>
        </test-method> <!-- assertionaa -->
        <test-method signature="tvappcart()[pri:7, instance:Hybrid.logincrm@245b4bdc]" started-at="2022-05-22T19:32:37 IST" name="tvappcart" finished-at="2022-05-22T19:32:40 IST" duration-ms="3192" status="PASS">
          <reporter-output>
          </reporter-output>
        </test-method> <!-- tvappcart -->
        <test-method signature="studyapp()[pri:8, instance:Hybrid.logincrm@245b4bdc]" started-at="2022-05-22T19:32:40 IST" name="studyapp" finished-at="2022-05-22T19:32:43 IST" duration-ms="3591" status="PASS">
          <reporter-output>
          </reporter-output>
        </test-method> <!-- studyapp -->
        <test-method signature="aboutapp()[pri:9, instance:Hybrid.logincrm@245b4bdc]" started-at="2022-05-22T19:32:43 IST" name="aboutapp" finished-at="2022-05-22T19:32:44 IST" duration-ms="821" status="PASS">
          <reporter-output>
          </reporter-output>
        </test-method> <!-- aboutapp -->
        <test-method signature="infoapp()[pri:10, instance:Hybrid.logincrm@245b4bdc]" started-at="2022-05-22T19:32:44 IST" name="infoapp" finished-at="2022-05-22T19:32:45 IST" duration-ms="556" status="PASS">
          <reporter-output>
          </reporter-output>
        </test-method> <!-- infoapp -->
        <test-method is-config="true" signature="teardown()[pri:0, instance:Hybrid.logincrm@245b4bdc]" started-at="2022-05-22T19:32:45 IST" name="teardown" finished-at="2022-05-22T19:32:45 IST" duration-ms="650" status="PASS">
          <reporter-output>
          </reporter-output>
        </test-method> <!-- teardown -->
      </class> <!-- Hybrid.logincrm -->
    </test> <!-- Default test -->
  </suite> <!-- Default suite -->
</testng-results>
