<?xml version="1.0" encoding="UTF-8"?>
<!-- Generated by org.testng.reporters.JUnitXMLReporter -->
<testsuite ignored="1" hostname="LAPTOP-E02P1GFT" failures="0" tests="10" name="Default test" time="61.268" errors="0" timestamp="2022-05-22T19:32:46 IST">
  <testcase classname="Hybrid.logincrm" name="loginApp" time="4.989"/>
  <testcase classname="Hybrid.logincrm" name="signupapp" time="10.687"/>
  <testcase classname="Hybrid.logincrm" name="searchupapp" time="8.754"/>
  <testcase classname="Hybrid.logincrm" name="Bedapp" time="10.865"/>
  <testcase classname="Hybrid.logincrm" name="Bedappcart" time="5.35"/>
  <testcase classname="Hybrid.logincrm" name="assertionaa" time="4.174"/>
  <testcase classname="Hybrid.logincrm" name="tvappcart" time="3.192"/>
  <testcase classname="Hybrid.logincrm" name="studyapp" time="3.591"/>
  <testcase classname="Hybrid.logincrm" name="aboutapp" time="0.821"/>
  <testcase classname="Hybrid.logincrm" name="infoapp" time="0.556"/>
  <testcase classname="Hybrid.Baseclass" name="@BeforeSuite setupsuite" time="0.0">
    <ignored/>
  </testcase> <!-- @BeforeSuite setupsuite -->
</testsuite> <!-- Default test -->
